2020-09-14 16:24:02,858 [INFO] django.request: [36mGET /[0m
2020-09-14 16:24:03,010 [INFO] django.request: [35mGET / - 404[0m
2020-09-14 16:24:03,011 [WARNING] django.request: Not Found: /
2020-09-14 16:24:03,184 [INFO] django.request: [36mGET /favicon.ico[0m
2020-09-14 16:24:03,187 [INFO] django.request: [35mGET /favicon.ico - 404[0m
2020-09-14 16:24:03,187 [WARNING] django.request: Not Found: /favicon.ico
2020-09-14 16:28:05,475 [INFO] django.request: [36mGET /admin/[0m
2020-09-14 16:28:05,728 [INFO] django.request: [36mGET /admin/ - 302[0m
2020-09-14 16:28:05,736 [INFO] django.request: [36mGET /admin/login/?next=/admin/[0m
2020-09-14 16:28:05,967 [INFO] django.request: [36mGET /admin/login/?next=/admin/ - 200[0m
2020-09-14 16:28:19,915 [INFO] django.request: [36mPOST /admin/login/?next=/admin/[0m
2020-09-14 16:28:20,110 [INFO] django.request: [36mPOST /admin/login/?next=/admin/ - 302[0m
2020-09-14 16:30:08,158 [INFO] django.request: [36mPOST /admin/login/?next=/admin/[0m
2020-09-14 16:30:08,167 [INFO] django.request: [35mPOST /admin/login/?next=/admin/ - 403[0m
2020-09-14 16:30:13,526 [INFO] django.request: [36mGET /admin/login/?next=/admin/[0m
2020-09-14 16:30:13,541 [INFO] django.request: [36mGET /admin/login/?next=/admin/ - 302[0m
2020-09-14 16:30:13,545 [INFO] django.request: [36mGET /admin/[0m
2020-09-14 16:30:13,581 [INFO] django.request: [36mGET /admin/ - 200[0m
2020-09-14 16:30:24,317 [INFO] django.request: [36mGET /admin/user/walletuser/add/[0m
2020-09-14 16:30:24,433 [INFO] django.request: [36mGET /admin/user/walletuser/add/ - 200[0m
2020-09-14 16:30:24,497 [INFO] django.request: [36mGET /admin/jsi18n/[0m
2020-09-14 16:30:24,548 [INFO] django.request: [36mGET /admin/jsi18n/ - 200[0m
2020-09-14 16:30:31,350 [INFO] django.request: [36mGET /[0m
2020-09-14 16:30:31,357 [INFO] django.request: [35mGET / - 404[0m
2020-09-14 16:30:31,357 [WARNING] django.request: Not Found: /
2020-09-14 16:30:37,165 [INFO] django.request: [36mGET /admin/user/walletuser/add/[0m
2020-09-14 16:30:37,212 [INFO] django.request: [36mGET /admin/user/walletuser/add/ - 200[0m
2020-09-14 16:30:40,105 [INFO] django.request: [36mGET /admin/[0m
2020-09-14 16:30:40,129 [INFO] django.request: [36mGET /admin/ - 200[0m
2020-09-14 16:48:52,965 [INFO] django.request: [36mGET /admin/rest_framework_tracking/apirequestlog/add/[0m
2020-09-14 16:48:53,063 [INFO] django.request: [36mGET /admin/rest_framework_tracking/apirequestlog/add/ - 200[0m
2020-09-14 16:48:53,146 [INFO] django.request: [36mGET /admin/jsi18n/[0m
2020-09-14 16:48:53,168 [INFO] django.request: [36mGET /admin/jsi18n/ - 200[0m
2020-09-14 16:49:01,423 [INFO] django.request: [36mGET /admin/rest_framework_tracking/[0m
2020-09-14 16:49:01,445 [INFO] django.request: [36mGET /admin/rest_framework_tracking/ - 200[0m
2020-09-14 16:49:03,210 [INFO] django.request: [36mGET /admin/[0m
2020-09-14 16:49:03,233 [INFO] django.request: [36mGET /admin/ - 200[0m
2020-09-14 16:49:06,063 [INFO] django.request: [36mGET /admin/auth/group/[0m
2020-09-14 16:49:06,124 [INFO] django.request: [36mGET /admin/auth/group/ - 200[0m
2020-09-14 16:49:06,149 [INFO] django.request: [36mGET /admin/jsi18n/[0m
2020-09-14 16:49:06,160 [INFO] django.request: [36mGET /admin/jsi18n/ - 200[0m
2020-09-14 16:49:08,223 [INFO] django.request: [36mGET /admin/[0m
2020-09-14 16:49:08,251 [INFO] django.request: [36mGET /admin/ - 200[0m
2020-09-14 16:49:14,281 [INFO] django.request: [36mGET /admin/walletdetails/wallettransaction/add/[0m
2020-09-14 16:49:14,335 [INFO] django.request: [36mGET /admin/walletdetails/wallettransaction/add/ - 200[0m
2020-09-14 16:49:14,373 [INFO] django.request: [36mGET /admin/jsi18n/[0m
2020-09-14 16:49:14,390 [INFO] django.request: [36mGET /admin/jsi18n/ - 200[0m
2020-09-14 16:49:21,827 [INFO] django.request: [36mGET /admin/[0m
2020-09-14 16:49:21,850 [INFO] django.request: [36mGET /admin/ - 200[0m
2020-09-14 16:49:25,049 [INFO] django.request: [36mGET /admin/user/walletuser/add/[0m
2020-09-14 16:49:25,096 [INFO] django.request: [36mGET /admin/user/walletuser/add/ - 200[0m
2020-09-14 16:49:25,124 [INFO] django.request: [36mGET /admin/jsi18n/[0m
2020-09-14 16:49:25,132 [INFO] django.request: [36mGET /admin/jsi18n/ - 200[0m
2020-09-14 16:50:03,628 [INFO] django.request: [36mPOST /admin/user/walletuser/add/[0m
2020-09-14 16:50:03,816 [INFO] django.request: [36mPOST /admin/user/walletuser/add/ - 302[0m
2020-09-14 16:50:03,820 [INFO] django.request: [36mGET /admin/user/walletuser/2/change/[0m
2020-09-14 16:50:03,878 [INFO] django.request: [36mGET /admin/user/walletuser/2/change/ - 200[0m
2020-09-14 16:50:03,920 [INFO] django.request: [36mGET /admin/jsi18n/[0m
2020-09-14 16:50:03,928 [INFO] django.request: [36mGET /admin/jsi18n/ - 200[0m
2020-09-14 17:04:20,989 [INFO] django.request: [36mGET /admin/[0m
2020-09-14 17:04:21,019 [INFO] django.request: [36mGET /admin/ - 200[0m
2020-09-14 17:04:27,153 [INFO] django.request: [36mGET /admin/walletdetails/wallethistory/[0m
2020-09-14 17:04:27,187 [INFO] django.request: [36mGET /admin/walletdetails/wallethistory/ - 200[0m
2020-09-14 17:04:27,210 [INFO] django.request: [36mGET /admin/jsi18n/[0m
2020-09-14 17:04:27,222 [INFO] django.request: [36mGET /admin/jsi18n/ - 200[0m
2020-09-14 17:04:30,872 [INFO] django.request: [36mGET /admin/walletdetails/wallethistory/add/[0m
2020-09-14 17:04:30,906 [INFO] django.request: [36mGET /admin/walletdetails/wallethistory/add/ - 200[0m
2020-09-14 17:04:30,933 [INFO] django.request: [36mGET /admin/jsi18n/[0m
2020-09-14 17:04:30,940 [INFO] django.request: [36mGET /admin/jsi18n/ - 200[0m
2020-09-14 17:04:35,398 [INFO] django.request: [36mGET /admin/walletdetails/[0m
2020-09-14 17:04:35,418 [INFO] django.request: [36mGET /admin/walletdetails/ - 200[0m
2020-09-14 17:04:37,683 [INFO] django.request: [36mGET /admin/[0m
2020-09-14 17:04:37,716 [INFO] django.request: [36mGET /admin/ - 200[0m
2020-09-14 17:04:40,994 [INFO] django.request: [36mGET /admin/user/walletuser/2/change/[0m
2020-09-14 17:04:41,046 [INFO] django.request: [36mGET /admin/user/walletuser/2/change/ - 200[0m
2020-09-14 17:04:41,075 [INFO] django.request: [36mGET /admin/jsi18n/[0m
2020-09-14 17:04:41,082 [INFO] django.request: [36mGET /admin/jsi18n/ - 200[0m
2020-09-14 17:06:26,015 [INFO] django.request: [36mGET /admin/password_change/[0m
2020-09-14 17:06:26,061 [INFO] django.request: [36mGET /admin/password_change/ - 200[0m
2020-09-14 17:06:31,108 [INFO] django.request: [36mGET /admin/[0m
2020-09-14 17:06:31,140 [INFO] django.request: [36mGET /admin/ - 200[0m
2020-09-14 17:06:33,291 [INFO] django.request: [36mGET /admin/authtoken/[0m
2020-09-14 17:06:33,309 [INFO] django.request: [36mGET /admin/authtoken/ - 200[0m
2020-09-14 17:06:35,014 [INFO] django.request: [36mGET /admin/authtoken/[0m
2020-09-14 17:06:35,041 [INFO] django.request: [36mGET /admin/authtoken/ - 200[0m
2020-09-14 17:06:36,871 [INFO] django.request: [36mGET /admin/authtoken/token/[0m
2020-09-14 17:06:36,915 [INFO] django.request: [36mGET /admin/authtoken/token/ - 200[0m
2020-09-14 17:06:36,959 [INFO] django.request: [36mGET /admin/jsi18n/[0m
2020-09-14 17:06:36,969 [INFO] django.request: [36mGET /admin/jsi18n/ - 200[0m
2020-09-14 17:06:39,050 [INFO] django.request: [36mGET /admin/authtoken/token/add/[0m
2020-09-14 17:06:39,096 [INFO] django.request: [36mGET /admin/authtoken/token/add/ - 200[0m
2020-09-14 17:06:39,118 [INFO] django.request: [36mGET /admin/jsi18n/[0m
2020-09-14 17:06:39,128 [INFO] django.request: [36mGET /admin/jsi18n/ - 200[0m
2020-09-14 17:06:52,883 [INFO] django.request: [36mGET /admin/[0m
2020-09-14 17:06:52,912 [INFO] django.request: [36mGET /admin/ - 200[0m
2020-09-14 17:06:57,589 [INFO] django.request: [36mGET /admin/walletdetails/wallet/[0m
2020-09-14 17:06:57,619 [INFO] django.request: [36mGET /admin/walletdetails/wallet/ - 200[0m
2020-09-14 17:06:57,639 [INFO] django.request: [36mGET /admin/jsi18n/[0m
2020-09-14 17:06:57,650 [INFO] django.request: [36mGET /admin/jsi18n/ - 200[0m
2020-09-14 17:06:59,858 [INFO] django.request: [36mGET /admin/walletdetails/wallet/add/[0m
2020-09-14 17:06:59,897 [INFO] django.request: [36mGET /admin/walletdetails/wallet/add/ - 200[0m
2020-09-14 17:06:59,932 [INFO] django.request: [36mGET /admin/jsi18n/[0m
2020-09-14 17:06:59,943 [INFO] django.request: [36mGET /admin/jsi18n/ - 200[0m
2020-09-14 17:07:55,752 [INFO] django.request: [36mGET /admin/walletdetails/wallet/add/[0m
2020-09-14 17:07:55,855 [INFO] django.request: [36mGET /admin/walletdetails/wallet/add/ - 200[0m
2020-09-14 17:07:55,886 [INFO] django.request: [36mGET /admin/jsi18n/[0m
2020-09-14 17:07:55,897 [INFO] django.request: [36mGET /admin/jsi18n/ - 200[0m
2020-09-14 17:08:03,533 [INFO] django.request: [36mGET /admin/[0m
2020-09-14 17:08:03,555 [INFO] django.request: [36mGET /admin/ - 200[0m
